Starting task...
Task ID: e1531299-9858-479f-88bb-2a2e3f4d2c2a
>>> RESTARTING SERVER (touch src/server.ts)
Poll #1...
Status code: 500, Content-Type: text/plain
Poll #2...
Status code: 200, Content-Type: application/json; charset=utf-8
Task state: processing
Poll #3...
Status code: 200, Content-Type: application/json; charset=utf-8
Task state: processing
Poll #4...
Status code: 200, Content-Type: application/json; charset=utf-8
Task state: processing
Poll #5...
Status code: 200, Content-Type: application/json; charset=utf-8
Task state: processing
Poll #6...
Status code: 200, Content-Type: application/json; charset=utf-8
Task state: processing
Poll #7...
Status code: 200, Content-Type: application/json; charset=utf-8
Task state: processing
Poll #8...
Status code: 200, Content-Type: application/json; charset=utf-8
Task state: processing
Poll #9...
Status code: 200, Content-Type: application/json; charset=utf-8
Task state: processing
Poll #10...
Status code: 200, Content-Type: application/json; charset=utf-8
Task state: processing
Poll #11...
Status code: 200, Content-Type: application/json; charset=utf-8
Task state: processing
Poll #12...
Status code: 200, Content-Type: application/json; charset=utf-8
Task state: processing
Poll #13...
Status code: 200, Content-Type: application/json; charset=utf-8
Task state: processing
Poll #14...
Status code: 200, Content-Type: application/json; charset=utf-8
Task state: processing
Poll #15...
Status code: 200, Content-Type: application/json; charset=utf-8
